# JRE version: Java(TM) SE Runtime Environment (8.0_162-b12) (build 1.8.0_162-b12)
# Java VM: Java HotSpot(TM) 64-Bit Server VM (25.162-b12 mixed mode linux-amd64 compressed oops)
Heap:
 PSYoungGen      total 557056K, used 354284K [0x00000007a1000000, 0x00000007de000000, 0x00000007f4000000)
  eden space 202752K, 0% used [0x00000007a1000000,0x00000007a1000000,0x00000007ad600000)
  from space 354304K, 99% used [0x00000007c8600000,0x00000007ddffb010,0x00000007de000000)
  to   space 247808K, 0% used [0x00000007ad600000,0x00000007ad600000,0x00000007bc800000)
 ParOldGen       total 897024K, used 740906K [0x00000006fb000000, 0x0000000731c00000, 0x00000007a1000000)
  object space 897024K, 82% used [0x00000006fb000000,0x000000072838a868,0x0000000731c00000)
 Metaspace       used 3213K, capacity 4600K, committed 4864K, reserved 1056768K
  class space    used 339K, capacity 424K, committed 512K, reserved 1048576K
GC Heap History (10 events):
Event: 4.860 GC heap after
Heap after GC invocations=6 (full 2):
 PSYoungGen      total 195072K, used 0K [0x00000007a1000000, 0x00000007b2000000, 0x00000007f4000000)
  eden space 184832K, 0% used [0x00000007a1000000,0x00000007a1000000,0x00000007ac480000)
  from space 10240K, 0% used [0x00000007b1600000,0x00000007b1600000,0x00000007b2000000)
  to   space 10240K, 0% used [0x00000007b0c00000,0x00000007b0c00000,0x00000007b1600000)
 ParOldGen       total 637440K, used 337338K [0x00000006fb000000, 0x0000000721e80000, 0x00000007a1000000)
  object space 637440K, 52% used [0x00000006fb000000,0x000000070f96e898,0x0000000721e80000)
 Metaspace       used 3213K, capacity 4600K, committed 4864K, reserved 1056768K
  class space    used 339K, capacity 424K, committed 512K, reserved 1048576K
}
Event: 5.299 GC heap before
{Heap before GC invocations=7 (full 2):
 PSYoungGen      total 195072K, used 184832K [0x00000007a1000000, 0x00000007b2000000, 0x00000007f4000000)
  eden space 184832K, 100% used [0x00000007a1000000,0x00000007ac480000,0x00000007ac480000)
  from space 10240K, 0% used [0x00000007b1600000,0x00000007b1600000,0x00000007b2000000)
  to   space 10240K, 0% used [0x00000007b0c00000,0x00000007b0c00000,0x00000007b1600000)
 ParOldGen       total 637440K, used 337338K [0x00000006fb000000, 0x0000000721e80000, 0x00000007a1000000)
  object space 637440K, 52% used [0x00000006fb000000,0x000000070f96e898,0x0000000721e80000)
 Metaspace       used 3213K, capacity 4600K, committed 4864K, reserved 1056768K
  class space    used 339K, capacity 424K, committed 512K, reserved 1048576K
Event: 6.347 GC heap after
Heap after GC invocations=7 (full 2):
 PSYoungGen      total 268288K, used 10238K [0x00000007a1000000, 0x00000007c8200000, 0x00000007f4000000)
  eden space 258048K, 0% used [0x00000007a1000000,0x00000007a1000000,0x00000007b0c00000)
  from space 10240K, 99% used [0x00000007b0c00000,0x00000007b15ff8f8,0x00000007b1600000)
  to   space 190464K, 0% used [0x00000007bc800000,0x00000007bc800000,0x00000007c8200000)
 ParOldGen       total 637440K, used 494146K [0x00000006fb000000, 0x0000000721e80000, 0x00000007a1000000)
  object space 637440K, 77% used [0x00000006fb000000,0x0000000719290898,0x0000000721e80000)
 Metaspace       used 3213K, capacity 4600K, committed 4864K, reserved 1056768K
  class space    used 339K, capacity 424K, committed 512K, reserved 1048576K
}
Event: 6.350 GC heap before
{Heap before GC invocations=8 (full 3):
 PSYoungGen      total 268288K, used 10238K [0x00000007a1000000, 0x00000007c8200000, 0x00000007f4000000)
  eden space 258048K, 0% used [0x00000007a1000000,0x00000007a1000000,0x00000007b0c00000)
  from space 10240K, 99% used [0x00000007b0c00000,0x00000007b15ff8f8,0x00000007b1600000)
  to   space 190464K, 0% used [0x00000007bc800000,0x00000007bc800000,0x00000007c8200000)
 ParOldGen       total 637440K, used 494146K [0x00000006fb000000, 0x0000000721e80000, 0x00000007a1000000)
  object space 637440K, 77% used [0x00000006fb000000,0x0000000719290898,0x0000000721e80000)
 Metaspace       used 3213K, capacity 4600K, committed 4864K, reserved 1056768K
  class space    used 339K, capacity 424K, committed 512K, reserved 1048576K
Event: 7.860 GC heap after
Heap after GC invocations=8 (full 3):
 PSYoungGen      total 268288K, used 0K [0x00000007a1000000, 0x00000007c8200000, 0x00000007f4000000)
  eden space 258048K, 0% used [0x00000007a1000000,0x00000007a1000000,0x00000007b0c00000)
  from space 10240K, 0% used [0x00000007b0c00000,0x00000007b0c00000,0x00000007b1600000)
  to   space 190464K, 0% used [0x00000007bc800000,0x00000007bc800000,0x00000007c8200000)
 ParOldGen       total 897024K, used 501426K [0x00000006fb000000, 0x0000000731c00000, 0x00000007a1000000)
  object space 897024K, 55% used [0x00000006fb000000,0x00000007199ac868,0x0000000731c00000)
 Metaspace       used 3213K, capacity 4600K, committed 4864K, reserved 1056768K
  class space    used 339K, capacity 424K, committed 512K, reserved 1048576K
}
Event: 8.453 GC heap before
{Heap before GC invocations=9 (full 3):
 PSYoungGen      total 268288K, used 258048K [0x00000007a1000000, 0x00000007c8200000, 0x00000007f4000000)
  eden space 258048K, 100% used [0x00000007a1000000,0x00000007b0c00000,0x00000007b0c00000)
  from space 10240K, 0% used [0x00000007b0c00000,0x00000007b0c00000,0x00000007b1600000)
  to   space 190464K, 0% used [0x00000007bc800000,0x00000007bc800000,0x00000007c8200000)
 ParOldGen       total 897024K, used 501426K [0x00000006fb000000, 0x0000000731c00000, 0x00000007a1000000)
  object space 897024K, 55% used [0x00000006fb000000,0x00000007199ac868,0x0000000731c00000)
 Metaspace       used 3213K, capacity 4600K, committed 4864K, reserved 1056768K
  class space    used 339K, capacity 424K, committed 512K, reserved 1048576K
Event: 10.510 GC heap after
Heap after GC invocations=9 (full 3):
 PSYoungGen      total 393216K, used 190461K [0x00000007a1000000, 0x00000007d5d00000, 0x00000007f4000000)
  eden space 202752K, 0% used [0x00000007a1000000,0x00000007a1000000,0x00000007ad600000)
  from space 190464K, 99% used [0x00000007bc800000,0x00000007c81ff568,0x00000007c8200000)
  to   space 247808K, 0% used [0x00000007ad600000,0x00000007ad600000,0x00000007bc800000)
 ParOldGen       total 897024K, used 542850K [0x00000006fb000000, 0x0000000731c00000, 0x00000007a1000000)
  object space 897024K, 60% used [0x00000006fb000000,0x000000071c220868,0x0000000731c00000)
 Metaspace       used 3213K, capacity 4600K, committed 4864K, reserved 1056768K
  class space    used 339K, capacity 424K, committed 512K, reserved 1048576K
}
Event: 10.951 GC heap before
{Heap before GC invocations=10 (full 3):
 PSYoungGen      total 393216K, used 393213K [0x00000007a1000000, 0x00000007d5d00000, 0x00000007f4000000)
  eden space 202752K, 100% used [0x00000007a1000000,0x00000007ad600000,0x00000007ad600000)
  from space 190464K, 99% used [0x00000007bc800000,0x00000007c81ff568,0x00000007c8200000)
  to   space 247808K, 0% used [0x00000007ad600000,0x00000007ad600000,0x00000007bc800000)
 ParOldGen       total 897024K, used 542850K [0x00000006fb000000, 0x0000000731c00000, 0x00000007a1000000)
  object space 897024K, 60% used [0x00000006fb000000,0x000000071c220868,0x0000000731c00000)
 Metaspace       used 3213K, capacity 4600K, committed 4864K, reserved 1056768K
  class space    used 339K, capacity 424K, committed 512K, reserved 1048576K
Event: 11.249 GC heap after
Heap after GC invocations=10 (full 3):
 PSYoungGen      total 450560K, used 247805K [0x00000007a1000000, 0x00000007de000000, 0x00000007f4000000)
  eden space 202752K, 0% used [0x00000007a1000000,0x00000007a1000000,0x00000007ad600000)
  from space 247808K, 99% used [0x00000007ad600000,0x00000007bc7ff568,0x00000007bc800000)
  to   space 354304K, 0% used [0x00000007c8600000,0x00000007c8600000,0x00000007de000000)
 ParOldGen       total 897024K, used 667930K [0x00000006fb000000, 0x0000000731c00000, 0x00000007a1000000)
  object space 897024K, 74% used [0x00000006fb000000,0x0000000723c46868,0x0000000731c00000)
 Metaspace       used 3213K, capacity 4600K, committed 4864K, reserved 1056768K
  class space    used 339K, capacity 424K, committed 512K, reserved 1048576K
}
Event: 11.657 GC heap before
{Heap before GC invocations=11 (full 3):
 PSYoungGen      total 450560K, used 450557K [0x00000007a1000000, 0x00000007de000000, 0x00000007f4000000)
  eden space 202752K, 100% used [0x00000007a1000000,0x00000007ad600000,0x00000007ad600000)
  from space 247808K, 99% used [0x00000007ad600000,0x00000007bc7ff568,0x00000007bc800000)
  to   space 354304K, 0% used [0x00000007c8600000,0x00000007c8600000,0x00000007de000000)
 ParOldGen       total 897024K, used 667930K [0x00000006fb000000, 0x0000000731c00000, 0x00000007a1000000)
  object space 897024K, 74% used [0x00000006fb000000,0x0000000723c46868,0x0000000731c00000)
 Metaspace       used 3213K, capacity 4600K, committed 4864K, reserved 1056768K
  class space    used 339K, capacity 424K, committed 512K, reserved 1048576K

